{"C:\\Users\\becki\\Desktop\\Git\\La Fosse Project Week\\Protect The Panda\\everyday-im-learning-client\\src\\componants\\NavBar\\index.jsx": {"path":"C:\\Users\\becki\\Desktop\\Git\\La Fosse Project Week\\Protect The Panda\\everyday-im-learning-client\\src\\componants\\NavBar\\index.jsx","all":false,"statementMap":{"0":{"start":{"line":1,"column":0},"end":{"line":1,"column":26}},"1":{"start":{"line":2,"column":0},"end":{"line":2,"column":51}},"2":{"start":{"line":3,"column":0},"end":{"line":3,"column":0}},"3":{"start":{"line":4,"column":0},"end":{"line":4,"column":20}},"4":{"start":{"line":5,"column":0},"end":{"line":5,"column":42}},"5":{"start":{"line":6,"column":0},"end":{"line":6,"column":0}},"6":{"start":{"line":7,"column":0},"end":{"line":7,"column":79}},"7":{"start":{"line":8,"column":0},"end":{"line":8,"column":0}},"8":{"start":{"line":9,"column":0},"end":{"line":9,"column":22}},"9":{"start":{"line":10,"column":0},"end":{"line":10,"column":10}},"10":{"start":{"line":11,"column":0},"end":{"line":11,"column":6}},"11":{"start":{"line":12,"column":0},"end":{"line":12,"column":14}},"12":{"start":{"line":13,"column":0},"end":{"line":13,"column":13}},"13":{"start":{"line":14,"column":0},"end":{"line":14,"column":32}},"14":{"start":{"line":15,"column":0},"end":{"line":15,"column":42}},"15":{"start":{"line":16,"column":0},"end":{"line":16,"column":37}},"16":{"start":{"line":17,"column":0},"end":{"line":17,"column":16}},"17":{"start":{"line":18,"column":0},"end":{"line":18,"column":36}},"18":{"start":{"line":19,"column":0},"end":{"line":19,"column":62}},"19":{"start":{"line":20,"column":0},"end":{"line":20,"column":72}},"20":{"start":{"line":21,"column":0},"end":{"line":21,"column":68}},"21":{"start":{"line":22,"column":0},"end":{"line":22,"column":68}},"22":{"start":{"line":23,"column":0},"end":{"line":23,"column":69}},"23":{"start":{"line":24,"column":0},"end":{"line":24,"column":16}},"24":{"start":{"line":25,"column":0},"end":{"line":25,"column":0}},"25":{"start":{"line":26,"column":0},"end":{"line":26,"column":14}},"26":{"start":{"line":27,"column":0},"end":{"line":27,"column":18}},"27":{"start":{"line":28,"column":0},"end":{"line":28,"column":16}},"28":{"start":{"line":29,"column":0},"end":{"line":29,"column":183}},"29":{"start":{"line":30,"column":0},"end":{"line":30,"column":17}},"30":{"start":{"line":31,"column":0},"end":{"line":31,"column":15}},"31":{"start":{"line":32,"column":0},"end":{"line":32,"column":7}},"32":{"start":{"line":33,"column":0},"end":{"line":33,"column":4}},"33":{"start":{"line":34,"column":0},"end":{"line":34,"column":2}},"34":{"start":{"line":35,"column":0},"end":{"line":35,"column":0}},"35":{"start":{"line":36,"column":0},"end":{"line":36,"column":22}}},"s":{"0":1,"1":1,"2":1,"3":1,"4":1,"5":1,"6":1,"7":1,"8":1,"9":7,"10":7,"11":7,"12":7,"13":7,"14":7,"15":7,"16":7,"17":7,"18":7,"19":7,"20":7,"21":7,"22":7,"23":7,"24":7,"25":7,"26":7,"27":7,"28":7,"29":7,"30":7,"31":7,"32":7,"33":7,"34":1,"35":1},"branchMap":{"0":{"type":"branch","line":7,"loc":{"start":{"line":7,"column":15},"end":{"line":7,"column":79}},"locations":[{"start":{"line":7,"column":15},"end":{"line":7,"column":79}}]},"1":{"type":"branch","line":7,"loc":{"start":{"line":7,"column":43},"end":{"line":7,"column":66}},"locations":[{"start":{"line":7,"column":43},"end":{"line":7,"column":66}}]},"2":{"type":"branch","line":7,"loc":{"start":{"line":7,"column":54},"end":{"line":7,"column":76}},"locations":[{"start":{"line":7,"column":54},"end":{"line":7,"column":76}}]},"3":{"type":"branch","line":9,"loc":{"start":{"line":9,"column":15},"end":{"line":34,"column":2}},"locations":[{"start":{"line":9,"column":15},"end":{"line":34,"column":2}}]}},"b":{"0":[35],"1":[7],"2":[28],"3":[7]},"fnMap":{"0":{"name":"styles","decl":{"start":{"line":7,"column":15},"end":{"line":7,"column":79}},"loc":{"start":{"line":7,"column":15},"end":{"line":7,"column":79}},"line":7},"1":{"name":"NavBar","decl":{"start":{"line":9,"column":15},"end":{"line":34,"column":2}},"loc":{"start":{"line":9,"column":15},"end":{"line":34,"column":2}},"line":9}},"f":{"0":35,"1":7}}
}
